2025-09-17 23:32:08 | Error [2]: compact(): Undefined variable $users | File: C:\laragon\www\DocTruyenHay\app\Controller\Admin\CategoryController.php | Line: 22
2025-09-22 21:57:09 | Error [2]: Undefined array key "username" | File: C:\laragon\www\DocTruyenHay\resource\view\admin\users\list.php | Line: 197
2025-09-22 22:01:47 | Error [2]: Undefined array key "password" | File: C:\laragon\www\DocTruyenHay\app\Controller\Author\AuthorController.php | Line: 38
2025-09-22 22:55:00 | Error [2]: Array to string conversion | File: C:\laragon\www\DocTruyenHay\resource\view\author\login.php | Line: 83
2025-09-22 22:55:25 | Error [2]: Array to string conversion | File: C:\laragon\www\DocTruyenHay\resource\view\author\login.php | Line: 83
2025-09-22 23:00:57 | Error [2]: foreach() argument must be of type array|object, string given | File: C:\laragon\www\DocTruyenHay\resource\view\author\login.php | Line: 88
2025-09-22 23:01:06 | Error [2]: foreach() argument must be of type array|object, string given | File: C:\laragon\www\DocTruyenHay\resource\view\author\login.php | Line: 88
2025-09-22 23:01:08 | Error [2]: foreach() argument must be of type array|object, string given | File: C:\laragon\www\DocTruyenHay\resource\view\author\login.php | Line: 88
2025-09-22 23:01:09 | Error [2]: foreach() argument must be of type array|object, string given | File: C:\laragon\www\DocTruyenHay\resource\view\author\login.php | Line: 88
2025-09-22 23:01:09 | Error [2]: foreach() argument must be of type array|object, string given | File: C:\laragon\www\DocTruyenHay\resource\view\author\login.php | Line: 88
2025-09-23 14:36:49 | Error [2]: Undefined variable $users | File: C:\laragon\www\DocTruyenHay\resource\view\author\stories\list.php | Line: 194
2025-09-27 10:31:29 | Error [2]: Array to string conversion | File: C:\laragon\www\DocTruyenHay\src\Application\Router.php | Line: 764
2025-09-27 22:30:27 | Error [2]: Undefined variable $users | File: C:\laragon\www\DocTruyenHay\resource\view\admin\users\list.php | Line: 194
2025-10-03 20:02:51 | Error [2]: Trying to access array offset on value of type null | File: C:\laragon\www\DocTruyenHay\src\Application\Mail.php | Line: 31
2025-10-06 01:25:42 | Error [2]: Array to string conversion | File: C:\laragon\www\DocTruyenHay\src\Database\QueryBuilder\SqliteBuilder.php | Line: 11
2025-10-06 01:26:42 | Error [2]: Array to string conversion | File: C:\laragon\www\DocTruyenHay\src\Database\QueryBuilder\SqliteBuilder.php | Line: 11
2025-10-06 14:47:24 | Error [2]: Trying to access array offset on value of type null | File: C:\laragon\www\DocTruyenHay\app\Controller\Admin\AdminController.php | Line: 60
2025-10-06 14:58:16 | Error [2]: Trying to access array offset on value of type null | File: C:\laragon\www\DocTruyenHay\app\Controller\Admin\AdminController.php | Line: 60
2025-10-06 15:00:09 | Error [2]: Trying to access array offset on value of type null | File: C:\laragon\www\DocTruyenHay\app\Controller\Admin\AdminController.php | Line: 62
2025-10-07 15:27:56 | Error [2]: Array to string conversion | File: C:\laragon\www\DocTruyenHay\src\Database\Adapter\MongoAdapter.php | Line: 139
2025-10-07 16:05:01 | Error [2]: Attempt to read property "name" on array | File: C:\laragon\www\DocTruyenHay\app\Router\web.php | Line: 85
2025-10-07 22:46:37 | Error [2]: Undefined array key "name" | File: C:\laragon\www\DocTruyenHay\app\Router\web.php | Line: 85
2025-10-08 18:39:24 | Error [2]: Array to string conversion | File: C:\laragon\www\DocTruyenHay\resource\view\demo-voice-detect.php | Line: 1
2025-10-12 21:33:17 | Error [2]: stream_socket_enable_crypto(): this stream does not support SSL/crypto | File: C:\laragon\www\DocTruyenHay\src\Application\Mail.php | Line: 96
2025-10-12 21:46:55 | Error [2]: stream_socket_enable_crypto(): this stream does not support SSL/crypto | File: C:\laragon\www\DocTruyenHay\src\Application\Mail.php | Line: 96
2025-10-12 21:47:59 | Error [2]: stream_socket_enable_crypto(): this stream does not support SSL/crypto | File: C:\laragon\www\DocTruyenHay\src\Application\Mail.php | Line: 96
2025-10-12 21:48:17 | Error [2]: stream_socket_enable_crypto(): this stream does not support SSL/crypto | File: C:\laragon\www\DocTruyenHay\src\Application\Mail.php | Line: 96
2025-10-12 21:53:03 | Error [2]: stream_socket_enable_crypto(): this stream does not support SSL/crypto | File: C:\laragon\www\DocTruyenHay\src\Application\Mail.php | Line: 96
2025-10-12 22:01:14 | Error [2]: stream_socket_enable_crypto(): this stream does not support SSL/crypto | File: C:\laragon\www\DocTruyenHay\src\Application\Mail.php | Line: 96
2025-10-12 22:04:10 | Error [2]: stream_socket_client(): unable to connect to ssl://smtp.gmail.com:465 (Unable to find the socket transport &quot;ssl&quot; - did you forget to enable it when you configured PHP?) | File: C:\laragon\www\DocTruyenHay\src\Application\Mail.php | Line: 88
2025-10-12 22:09:35 | Error [2]: stream_socket_client(): unable to connect to ssl://smtp.gmail.com:465 (Unable to find the socket transport &quot;ssl&quot; - did you forget to enable it when you configured PHP?) | File: C:\laragon\www\DocTruyenHay\src\Application\Mail.php | Line: 88
2025-10-12 22:09:36 | Error [2]: stream_socket_client(): unable to connect to ssl://smtp.gmail.com:465 (Unable to find the socket transport &quot;ssl&quot; - did you forget to enable it when you configured PHP?) | File: C:\laragon\www\DocTruyenHay\src\Application\Mail.php | Line: 88
2025-10-12 22:09:37 | Error [2]: stream_socket_client(): unable to connect to ssl://smtp.gmail.com:465 (Unable to find the socket transport &quot;ssl&quot; - did you forget to enable it when you configured PHP?) | File: C:\laragon\www\DocTruyenHay\src\Application\Mail.php | Line: 88
2025-10-12 22:10:25 | Error [2]: stream_socket_client(): unable to connect to ssl://smtp.gmail.com:465 (Unable to find the socket transport &quot;ssl&quot; - did you forget to enable it when you configured PHP?) | File: C:\laragon\www\DocTruyenHay\src\Application\Mail.php | Line: 88
2025-10-15 14:18:57 | Error [2]: file_get_contents(/source/404.php): Failed to open stream: No such file or directory | File: C:\laragon\www\DocTruyenHay\app\Router\web.php | Line: 81
2025-10-15 14:19:18 | Error [2]: file_get_contents(/source/404.php): Failed to open stream: No such file or directory | File: C:\laragon\www\DocTruyenHay\app\Router\web.php | Line: 81
2025-10-15 14:19:19 | Error [2]: file_get_contents(/source/404.php): Failed to open stream: No such file or directory | File: C:\laragon\www\DocTruyenHay\app\Router\web.php | Line: 81
2025-10-15 14:19:19 | Error [2]: file_get_contents(/source/404.php): Failed to open stream: No such file or directory | File: C:\laragon\www\DocTruyenHay\app\Router\web.php | Line: 81
2025-10-18 22:30:46 | Error [2]: file_put_contents(C:\laragon\www\DocTruyenHay\resource/view/_cache/client.welcome_3e3cd0faa6f7a9bf6fa67e8ed13eae98ade51ed7.bladec): Failed to open stream: No such file or directory | File: C:\laragon\www\DocTruyenHay\vendor\eftec\bladeone\lib\BladeOne.php | Line: 1411
2025-10-18 22:32:23 | Error [2]: file_put_contents(C:\laragon\www\DocTruyenHay\public\cache/view//client.welcome_3e3cd0faa6f7a9bf6fa67e8ed13eae98ade51ed7.bladec): Failed to open stream: No such file or directory | File: C:\laragon\www\DocTruyenHay\vendor\eftec\bladeone\lib\BladeOne.php | Line: 1411
2025-10-22 21:33:19 | Error [2]: file_get_contents(http://localhost/DocTruyenHay/public//source/404.php): Failed to open stream: HTTP request failed! | File: C:\laragon\www\DocTruyenHay\src\Kit\helper\default_pages.php | Line: 8
2025-10-22 21:33:20 | Error [2]: file_get_contents(http://localhost/DocTruyenHay/public//source/404.php): Failed to open stream: HTTP request failed! | File: C:\laragon\www\DocTruyenHay\src\Kit\helper\default_pages.php | Line: 8
2025-10-22 21:33:20 | Error [2]: file_get_contents(http://localhost/DocTruyenHay/public//source/404.php): Failed to open stream: HTTP request failed! | File: C:\laragon\www\DocTruyenHay\src\Kit\helper\default_pages.php | Line: 8
2025-10-22 21:33:20 | Error [2]: file_get_contents(http://localhost/DocTruyenHay/public//source/404.php): Failed to open stream: HTTP request failed! | File: C:\laragon\www\DocTruyenHay\src\Kit\helper\default_pages.php | Line: 8
2025-10-22 21:33:20 | Error [2]: file_get_contents(http://localhost/DocTruyenHay/public//source/404.php): Failed to open stream: HTTP request failed! | File: C:\laragon\www\DocTruyenHay\src\Kit\helper\default_pages.php | Line: 8
2025-10-22 21:33:20 | Error [2]: file_get_contents(http://localhost/DocTruyenHay/public//source/404.php): Failed to open stream: HTTP request failed! | File: C:\laragon\www\DocTruyenHay\src\Kit\helper\default_pages.php | Line: 8
2025-10-22 21:33:20 | Error [2]: file_get_contents(http://localhost/DocTruyenHay/public//source/404.php): Failed to open stream: HTTP request failed! | File: C:\laragon\www\DocTruyenHay\src\Kit\helper\default_pages.php | Line: 8
2025-10-22 21:33:20 | Error [2]: file_get_contents(http://localhost/DocTruyenHay/public//source/404.php): Failed to open stream: HTTP request failed! | File: C:\laragon\www\DocTruyenHay\src\Kit\helper\default_pages.php | Line: 8
2025-10-22 21:33:20 | Error [2]: file_get_contents(http://localhost/DocTruyenHay/public//source/404.php): Failed to open stream: HTTP request failed! | File: C:\laragon\www\DocTruyenHay\src\Kit\helper\default_pages.php | Line: 8
2025-10-22 21:33:20 | Error [2]: file_get_contents(http://localhost/DocTruyenHay/public//source/404.php): Failed to open stream: HTTP request failed! | File: C:\laragon\www\DocTruyenHay\src\Kit\helper\default_pages.php | Line: 8
2025-10-22 21:33:20 | Error [2]: file_get_contents(http://localhost/DocTruyenHay/public//source/404.php): Failed to open stream: HTTP request failed! | File: C:\laragon\www\DocTruyenHay\src\Kit\helper\default_pages.php | Line: 8
2025-10-22 21:33:20 | Error [2]: file_get_contents(http://localhost/DocTruyenHay/public//source/404.php): Failed to open stream: HTTP request failed! | File: C:\laragon\www\DocTruyenHay\src\Kit\helper\default_pages.php | Line: 8
2025-10-22 21:33:20 | Error [2]: file_get_contents(http://localhost/DocTruyenHay/public//source/404.php): Failed to open stream: HTTP request failed! | File: C:\laragon\www\DocTruyenHay\src\Kit\helper\default_pages.php | Line: 8
2025-10-22 21:33:20 | Error [2]: file_get_contents(http://localhost/DocTruyenHay/public//source/404.php): Failed to open stream: HTTP request failed! | File: C:\laragon\www\DocTruyenHay\src\Kit\helper\default_pages.php | Line: 8
2025-10-22 21:33:20 | Error [2]: file_get_contents(http://localhost/DocTruyenHay/public//source/404.php): Failed to open stream: HTTP request failed! | File: C:\laragon\www\DocTruyenHay\src\Kit\helper\default_pages.php | Line: 8
2025-10-22 21:33:20 | Error [2]: file_get_contents(http://localhost/DocTruyenHay/public//source/404.php): Failed to open stream: HTTP request failed! | File: C:\laragon\www\DocTruyenHay\src\Kit\helper\default_pages.php | Line: 8
2025-10-22 21:33:20 | Error [2]: file_get_contents(http://localhost/DocTruyenHay/public//source/404.php): Failed to open stream: HTTP request failed! | File: C:\laragon\www\DocTruyenHay\src\Kit\helper\default_pages.php | Line: 8
2025-10-22 21:33:20 | Error [2]: file_get_contents(http://localhost/DocTruyenHay/public//source/404.php): Failed to open stream: HTTP request failed! | File: C:\laragon\www\DocTruyenHay\src\Kit\helper\default_pages.php | Line: 8
2025-10-22 21:33:20 | Error [2]: file_get_contents(http://localhost/DocTruyenHay/public//source/404.php): Failed to open stream: HTTP request failed! | File: C:\laragon\www\DocTruyenHay\src\Kit\helper\default_pages.php | Line: 8
2025-10-22 21:33:20 | Error [2]: file_get_contents(http://localhost/DocTruyenHay/public//source/404.php): Failed to open stream: HTTP request failed! | File: C:\laragon\www\DocTruyenHay\src\Kit\helper\default_pages.php | Line: 8
2025-10-22 21:33:20 | Error [2]: file_get_contents(http://localhost/DocTruyenHay/public//source/404.php): Failed to open stream: HTTP request failed! | File: C:\laragon\www\DocTruyenHay\src\Kit\helper\default_pages.php | Line: 8
2025-10-22 21:33:20 | Error [2]: file_get_contents(http://localhost/DocTruyenHay/public//source/404.php): Failed to open stream: HTTP request failed! | File: C:\laragon\www\DocTruyenHay\src\Kit\helper\default_pages.php | Line: 8
2025-10-22 21:33:20 | Error [2]: file_get_contents(http://localhost/DocTruyenHay/public//source/404.php): Failed to open stream: HTTP request failed! | File: C:\laragon\www\DocTruyenHay\src\Kit\helper\default_pages.php | Line: 8
2025-10-22 21:33:21 | Error [2]: file_get_contents(http://localhost/DocTruyenHay/public//source/404.php): Failed to open stream: HTTP request failed! | File: C:\laragon\www\DocTruyenHay\src\Kit\helper\default_pages.php | Line: 8
2025-10-22 21:33:21 | Error [2]: file_get_contents(http://localhost/DocTruyenHay/public//source/404.php): Failed to open stream: HTTP request failed! | File: C:\laragon\www\DocTruyenHay\src\Kit\helper\default_pages.php | Line: 8
2025-10-22 21:33:21 | Error [2]: file_get_contents(http://localhost/DocTruyenHay/public//source/404.php): Failed to open stream: HTTP request failed! | File: C:\laragon\www\DocTruyenHay\src\Kit\helper\default_pages.php | Line: 8
2025-10-22 21:33:21 | Error [2]: file_get_contents(http://localhost/DocTruyenHay/public//source/404.php): Failed to open stream: HTTP request failed! | File: C:\laragon\www\DocTruyenHay\src\Kit\helper\default_pages.php | Line: 8
2025-10-22 21:33:21 | Error [2]: file_get_contents(http://localhost/DocTruyenHay/public//source/404.php): Failed to open stream: HTTP request failed! | File: C:\laragon\www\DocTruyenHay\src\Kit\helper\default_pages.php | Line: 8
2025-10-22 21:33:21 | Error [2]: file_get_contents(http://localhost/DocTruyenHay/public//source/404.php): Failed to open stream: HTTP request failed! | File: C:\laragon\www\DocTruyenHay\src\Kit\helper\default_pages.php | Line: 8
2025-10-22 21:33:21 | Error [2]: file_get_contents(http://localhost/DocTruyenHay/public//source/404.php): Failed to open stream: HTTP request failed! | File: C:\laragon\www\DocTruyenHay\src\Kit\helper\default_pages.php | Line: 8
2025-10-22 21:33:21 | Error [2]: file_get_contents(http://localhost/DocTruyenHay/public//source/404.php): Failed to open stream: HTTP request failed! | File: C:\laragon\www\DocTruyenHay\src\Kit\helper\default_pages.php | Line: 8
2025-10-22 21:33:21 | Error [2]: file_get_contents(http://localhost/DocTruyenHay/public//source/404.php): Failed to open stream: HTTP request failed! | File: C:\laragon\www\DocTruyenHay\src\Kit\helper\default_pages.php | Line: 8
2025-10-22 21:33:21 | Error [2]: file_get_contents(http://localhost/DocTruyenHay/public//source/404.php): Failed to open stream: HTTP request failed! | File: C:\laragon\www\DocTruyenHay\src\Kit\helper\default_pages.php | Line: 8
2025-10-22 21:33:21 | Error [2]: file_get_contents(http://localhost/DocTruyenHay/public//source/404.php): Failed to open stream: HTTP request failed! | File: C:\laragon\www\DocTruyenHay\src\Kit\helper\default_pages.php | Line: 8
2025-10-22 21:33:21 | Error [2]: file_get_contents(http://localhost/DocTruyenHay/public//source/404.php): Failed to open stream: HTTP request failed! | File: C:\laragon\www\DocTruyenHay\src\Kit\helper\default_pages.php | Line: 8
2025-10-22 21:33:21 | Error [2]: file_get_contents(http://localhost/DocTruyenHay/public//source/404.php): Failed to open stream: HTTP request failed! | File: C:\laragon\www\DocTruyenHay\src\Kit\helper\default_pages.php | Line: 8
2025-10-22 21:33:21 | Error [2]: file_get_contents(http://localhost/DocTruyenHay/public//source/404.php): Failed to open stream: HTTP request failed! | File: C:\laragon\www\DocTruyenHay\src\Kit\helper\default_pages.php | Line: 8
2025-10-22 21:33:21 | Error [2]: file_get_contents(http://localhost/DocTruyenHay/public//source/404.php): Failed to open stream: HTTP request failed! | File: C:\laragon\www\DocTruyenHay\src\Kit\helper\default_pages.php | Line: 8
2025-10-22 21:33:21 | Error [2]: file_get_contents(http://localhost/DocTruyenHay/public//source/404.php): Failed to open stream: HTTP request failed! | File: C:\laragon\www\DocTruyenHay\src\Kit\helper\default_pages.php | Line: 8
2025-10-22 21:33:21 | Error [2]: file_get_contents(http://localhost/DocTruyenHay/public//source/404.php): Failed to open stream: HTTP request failed! | File: C:\laragon\www\DocTruyenHay\src\Kit\helper\default_pages.php | Line: 8
2025-10-22 21:33:21 | Error [2]: file_get_contents(http://localhost/DocTruyenHay/public//source/404.php): Failed to open stream: HTTP request failed! | File: C:\laragon\www\DocTruyenHay\src\Kit\helper\default_pages.php | Line: 8
2025-10-22 21:33:21 | Error [2]: file_get_contents(http://localhost/DocTruyenHay/public//source/404.php): Failed to open stream: HTTP request failed! | File: C:\laragon\www\DocTruyenHay\src\Kit\helper\default_pages.php | Line: 8
2025-10-22 21:33:21 | Error [2]: file_get_contents(http://localhost/DocTruyenHay/public//source/404.php): Failed to open stream: HTTP request failed! | File: C:\laragon\www\DocTruyenHay\src\Kit\helper\default_pages.php | Line: 8
2025-10-22 21:33:21 | Error [2]: file_get_contents(http://localhost/DocTruyenHay/public//source/404.php): Failed to open stream: HTTP request failed! | File: C:\laragon\www\DocTruyenHay\src\Kit\helper\default_pages.php | Line: 8
2025-10-22 21:33:21 | Error [2]: file_get_contents(http://localhost/DocTruyenHay/public//source/404.php): Failed to open stream: HTTP request failed! | File: C:\laragon\www\DocTruyenHay\src\Kit\helper\default_pages.php | Line: 8
2025-10-22 21:33:21 | Error [2]: file_get_contents(http://localhost/DocTruyenHay/public//source/404.php): Failed to open stream: HTTP request failed! | File: C:\laragon\www\DocTruyenHay\src\Kit\helper\default_pages.php | Line: 8
2025-10-22 21:33:21 | Error [2]: file_get_contents(http://localhost/DocTruyenHay/public//source/404.php): Failed to open stream: HTTP request failed! | File: C:\laragon\www\DocTruyenHay\src\Kit\helper\default_pages.php | Line: 8
2025-10-22 21:33:22 | Error [2]: file_get_contents(http://localhost/DocTruyenHay/public//source/404.php): Failed to open stream: HTTP request failed! | File: C:\laragon\www\DocTruyenHay\src\Kit\helper\default_pages.php | Line: 8
2025-10-22 21:33:22 | Error [2]: file_get_contents(http://localhost/DocTruyenHay/public//source/404.php): Failed to open stream: HTTP request failed! | File: C:\laragon\www\DocTruyenHay\src\Kit\helper\default_pages.php | Line: 8
2025-10-22 21:33:22 | Error [2]: file_get_contents(http://localhost/DocTruyenHay/public//source/404.php): Failed to open stream: HTTP request failed! | File: C:\laragon\www\DocTruyenHay\src\Kit\helper\default_pages.php | Line: 8
2025-10-22 21:33:22 | Error [2]: file_get_contents(http://localhost/DocTruyenHay/public//source/404.php): Failed to open stream: HTTP request failed! | File: C:\laragon\www\DocTruyenHay\src\Kit\helper\default_pages.php | Line: 8
2025-10-22 21:33:22 | Error [2]: file_get_contents(http://localhost/DocTruyenHay/public//source/404.php): Failed to open stream: HTTP request failed! | File: C:\laragon\www\DocTruyenHay\src\Kit\helper\default_pages.php | Line: 8
2025-10-22 21:33:22 | Error [2]: file_get_contents(http://localhost/DocTruyenHay/public//source/404.php): Failed to open stream: HTTP request failed! | File: C:\laragon\www\DocTruyenHay\src\Kit\helper\default_pages.php | Line: 8
2025-10-22 21:33:22 | Error [2]: file_get_contents(http://localhost/DocTruyenHay/public//source/404.php): Failed to open stream: HTTP request failed! | File: C:\laragon\www\DocTruyenHay\src\Kit\helper\default_pages.php | Line: 8
2025-10-22 21:33:22 | Error [2]: file_get_contents(http://localhost/DocTruyenHay/public//source/404.php): Failed to open stream: HTTP request failed! | File: C:\laragon\www\DocTruyenHay\src\Kit\helper\default_pages.php | Line: 8
2025-10-22 21:33:22 | Error [2]: file_get_contents(http://localhost/DocTruyenHay/public//source/404.php): Failed to open stream: HTTP request failed! | File: C:\laragon\www\DocTruyenHay\src\Kit\helper\default_pages.php | Line: 8
2025-10-22 21:33:22 | Error [2]: file_get_contents(http://localhost/DocTruyenHay/public//source/404.php): Failed to open stream: HTTP request failed! | File: C:\laragon\www\DocTruyenHay\src\Kit\helper\default_pages.php | Line: 8
2025-10-22 21:33:22 | Error [2]: file_get_contents(http://localhost/DocTruyenHay/public//source/404.php): Failed to open stream: HTTP request failed! | File: C:\laragon\www\DocTruyenHay\src\Kit\helper\default_pages.php | Line: 8
2025-10-22 21:33:22 | Error [2]: file_get_contents(http://localhost/DocTruyenHay/public//source/404.php): Failed to open stream: HTTP request failed! | File: C:\laragon\www\DocTruyenHay\src\Kit\helper\default_pages.php | Line: 8
2025-10-22 21:33:22 | Error [2]: file_get_contents(http://localhost/DocTruyenHay/public//source/404.php): Failed to open stream: HTTP request failed! | File: C:\laragon\www\DocTruyenHay\src\Kit\helper\default_pages.php | Line: 8
2025-10-22 21:33:22 | Error [2]: file_get_contents(http://localhost/DocTruyenHay/public//source/404.php): Failed to open stream: HTTP request failed! | File: C:\laragon\www\DocTruyenHay\src\Kit\helper\default_pages.php | Line: 8
2025-10-22 21:33:22 | Error [2]: file_get_contents(http://localhost/DocTruyenHay/public//source/404.php): Failed to open stream: HTTP request failed! | File: C:\laragon\www\DocTruyenHay\src\Kit\helper\default_pages.php | Line: 8
2025-10-22 21:33:22 | Error [2]: file_get_contents(http://localhost/DocTruyenHay/public//source/404.php): Failed to open stream: HTTP request failed! | File: C:\laragon\www\DocTruyenHay\src\Kit\helper\default_pages.php | Line: 8
2025-10-22 21:33:35 | Error [2]: file_get_contents(http://localhost/DocTruyenHay/public//source/404.php): Failed to open stream: HTTP request failed! | File: C:\laragon\www\DocTruyenHay\src\Kit\helper\default_pages.php | Line: 8
2025-10-22 21:34:11 | Error [2]: file_get_contents(http://localhost/DocTruyenHay/public//source/404.php): Failed to open stream: HTTP request failed! | File: C:\laragon\www\DocTruyenHay\src\Kit\helper\default_pages.php | Line: 8
2025-10-22 21:34:11 | Error [2]: file_get_contents(http://localhost/DocTruyenHay/public//source/404.php): Failed to open stream: HTTP request failed! HTTP/1.1 500 Internal Server Error
 | File: C:\laragon\www\DocTruyenHay\src\Kit\helper\default_pages.php | Line: 8
2025-10-22 21:34:11 | Error [2]: file_get_contents(http://localhost/DocTruyenHay/public//source/404.php): Failed to open stream: HTTP request failed! HTTP/1.1 500 Internal Server Error
 | File: C:\laragon\www\DocTruyenHay\src\Kit\helper\default_pages.php | Line: 8
2025-10-22 21:34:11 | Error [2]: file_get_contents(http://localhost/DocTruyenHay/public//source/404.php): Failed to open stream: HTTP request failed! HTTP/1.1 500 Internal Server Error
 | File: C:\laragon\www\DocTruyenHay\src\Kit\helper\default_pages.php | Line: 8
2025-10-22 21:34:11 | Error [2]: file_get_contents(http://localhost/DocTruyenHay/public//source/404.php): Failed to open stream: HTTP request failed! HTTP/1.1 500 Internal Server Error
 | File: C:\laragon\www\DocTruyenHay\src\Kit\helper\default_pages.php | Line: 8
2025-10-22 21:34:11 | Error [2]: file_get_contents(http://localhost/DocTruyenHay/public//source/404.php): Failed to open stream: HTTP request failed! HTTP/1.1 404 Not Found
 | File: C:\laragon\www\DocTruyenHay\src\Kit\helper\default_pages.php | Line: 8
2025-10-22 21:34:11 | Error [2]: file_get_contents(http://localhost/DocTruyenHay/public//source/404.php): Failed to open stream: HTTP request failed! HTTP/1.1 500 Internal Server Error
 | File: C:\laragon\www\DocTruyenHay\src\Kit\helper\default_pages.php | Line: 8
2025-10-22 21:34:11 | Error [2]: file_get_contents(http://localhost/DocTruyenHay/public//source/404.php): Failed to open stream: HTTP request failed! HTTP/1.1 500 Internal Server Error
 | File: C:\laragon\www\DocTruyenHay\src\Kit\helper\default_pages.php | Line: 8
2025-10-22 21:34:11 | Error [2]: file_get_contents(http://localhost/DocTruyenHay/public//source/404.php): Failed to open stream: HTTP request failed! HTTP/1.1 500 Internal Server Error
 | File: C:\laragon\www\DocTruyenHay\src\Kit\helper\default_pages.php | Line: 8
2025-10-22 21:34:11 | Error [2]: file_get_contents(http://localhost/DocTruyenHay/public//source/404.php): Failed to open stream: HTTP request failed! HTTP/1.1 500 Internal Server Error
 | File: C:\laragon\www\DocTruyenHay\src\Kit\helper\default_pages.php | Line: 8
2025-10-22 21:34:11 | Error [2]: file_get_contents(http://localhost/DocTruyenHay/public//source/404.php): Failed to open stream: HTTP request failed! HTTP/1.1 500 Internal Server Error
 | File: C:\laragon\www\DocTruyenHay\src\Kit\helper\default_pages.php | Line: 8
2025-10-22 21:34:11 | Error [2]: file_get_contents(http://localhost/DocTruyenHay/public//source/404.php): Failed to open stream: HTTP request failed! HTTP/1.1 500 Internal Server Error
 | File: C:\laragon\www\DocTruyenHay\src\Kit\helper\default_pages.php | Line: 8
2025-10-22 21:34:11 | Error [2]: file_get_contents(http://localhost/DocTruyenHay/public//source/404.php): Failed to open stream: HTTP request failed! HTTP/1.1 500 Internal Server Error
 | File: C:\laragon\www\DocTruyenHay\src\Kit\helper\default_pages.php | Line: 8
2025-10-22 21:34:11 | Error [2]: file_get_contents(http://localhost/DocTruyenHay/public//source/404.php): Failed to open stream: HTTP request failed! HTTP/1.1 500 Internal Server Error
 | File: C:\laragon\www\DocTruyenHay\src\Kit\helper\default_pages.php | Line: 8
2025-10-22 21:34:11 | Error [2]: file_get_contents(http://localhost/DocTruyenHay/public//source/404.php): Failed to open stream: HTTP request failed! HTTP/1.1 500 Internal Server Error
 | File: C:\laragon\www\DocTruyenHay\src\Kit\helper\default_pages.php | Line: 8
2025-10-22 21:34:11 | Error [2]: file_get_contents(http://localhost/DocTruyenHay/public//source/404.php): Failed to open stream: HTTP request failed! HTTP/1.1 500 Internal Server Error
 | File: C:\laragon\www\DocTruyenHay\src\Kit\helper\default_pages.php | Line: 8
2025-10-22 21:34:11 | Error [2]: file_get_contents(http://localhost/DocTruyenHay/public//source/404.php): Failed to open stream: HTTP request failed! HTTP/1.1 500 Internal Server Error
 | File: C:\laragon\www\DocTruyenHay\src\Kit\helper\default_pages.php | Line: 8
2025-10-22 21:34:11 | Error [2]: file_get_contents(http://localhost/DocTruyenHay/public//source/404.php): Failed to open stream: HTTP request failed! HTTP/1.1 500 Internal Server Error
 | File: C:\laragon\www\DocTruyenHay\src\Kit\helper\default_pages.php | Line: 8
2025-10-22 21:34:11 | Error [2]: file_get_contents(http://localhost/DocTruyenHay/public//source/404.php): Failed to open stream: HTTP request failed! HTTP/1.1 500 Internal Server Error
 | File: C:\laragon\www\DocTruyenHay\src\Kit\helper\default_pages.php | Line: 8
2025-10-22 21:34:11 | Error [2]: file_get_contents(http://localhost/DocTruyenHay/public//source/404.php): Failed to open stream: HTTP request failed! HTTP/1.1 500 Internal Server Error
 | File: C:\laragon\www\DocTruyenHay\src\Kit\helper\default_pages.php | Line: 8
2025-10-22 21:34:11 | Error [2]: file_get_contents(http://localhost/DocTruyenHay/public//source/404.php): Failed to open stream: HTTP request failed! HTTP/1.1 500 Internal Server Error
 | File: C:\laragon\www\DocTruyenHay\src\Kit\helper\default_pages.php | Line: 8
2025-10-22 21:34:11 | Error [2]: file_get_contents(http://localhost/DocTruyenHay/public//source/404.php): Failed to open stream: HTTP request failed! HTTP/1.1 500 Internal Server Error
 | File: C:\laragon\www\DocTruyenHay\src\Kit\helper\default_pages.php | Line: 8
2025-10-22 21:34:11 | Error [2]: file_get_contents(http://localhost/DocTruyenHay/public//source/404.php): Failed to open stream: HTTP request failed! HTTP/1.1 500 Internal Server Error
 | File: C:\laragon\www\DocTruyenHay\src\Kit\helper\default_pages.php | Line: 8
2025-10-22 21:34:11 | Error [2]: file_get_contents(http://localhost/DocTruyenHay/public//source/404.php): Failed to open stream: HTTP request failed! HTTP/1.1 500 Internal Server Error
 | File: C:\laragon\www\DocTruyenHay\src\Kit\helper\default_pages.php | Line: 8
2025-10-22 21:34:11 | Error [2]: file_get_contents(http://localhost/DocTruyenHay/public//source/404.php): Failed to open stream: HTTP request failed! HTTP/1.1 500 Internal Server Error
 | File: C:\laragon\www\DocTruyenHay\src\Kit\helper\default_pages.php | Line: 8
2025-10-22 21:34:11 | Error [2]: file_get_contents(http://localhost/DocTruyenHay/public//source/404.php): Failed to open stream: HTTP request failed! HTTP/1.1 500 Internal Server Error
 | File: C:\laragon\www\DocTruyenHay\src\Kit\helper\default_pages.php | Line: 8
2025-10-22 21:34:11 | Error [2]: file_get_contents(http://localhost/DocTruyenHay/public//source/404.php): Failed to open stream: HTTP request failed! HTTP/1.1 500 Internal Server Error
 | File: C:\laragon\www\DocTruyenHay\src\Kit\helper\default_pages.php | Line: 8
2025-10-22 21:34:11 | Error [2]: file_get_contents(http://localhost/DocTruyenHay/public//source/404.php): Failed to open stream: HTTP request failed! HTTP/1.1 500 Internal Server Error
 | File: C:\laragon\www\DocTruyenHay\src\Kit\helper\default_pages.php | Line: 8
2025-10-22 21:34:11 | Error [2]: file_get_contents(http://localhost/DocTruyenHay/public//source/404.php): Failed to open stream: HTTP request failed! HTTP/1.1 500 Internal Server Error
 | File: C:\laragon\www\DocTruyenHay\src\Kit\helper\default_pages.php | Line: 8
2025-10-22 21:34:11 | Error [2]: file_get_contents(http://localhost/DocTruyenHay/public//source/404.php): Failed to open stream: HTTP request failed! HTTP/1.1 500 Internal Server Error
 | File: C:\laragon\www\DocTruyenHay\src\Kit\helper\default_pages.php | Line: 8
2025-10-22 21:34:11 | Error [2]: file_get_contents(http://localhost/DocTruyenHay/public//source/404.php): Failed to open stream: HTTP request failed! HTTP/1.1 500 Internal Server Error
 | File: C:\laragon\www\DocTruyenHay\src\Kit\helper\default_pages.php | Line: 8
2025-10-22 21:34:11 | Error [2]: file_get_contents(http://localhost/DocTruyenHay/public//source/404.php): Failed to open stream: HTTP request failed! HTTP/1.1 500 Internal Server Error
 | File: C:\laragon\www\DocTruyenHay\src\Kit\helper\default_pages.php | Line: 8
2025-10-22 21:34:11 | Error [2]: file_get_contents(http://localhost/DocTruyenHay/public//source/404.php): Failed to open stream: HTTP request failed! HTTP/1.1 500 Internal Server Error
 | File: C:\laragon\www\DocTruyenHay\src\Kit\helper\default_pages.php | Line: 8
2025-10-22 21:34:11 | Error [2]: file_get_contents(http://localhost/DocTruyenHay/public//source/404.php): Failed to open stream: HTTP request failed! HTTP/1.1 500 Internal Server Error
 | File: C:\laragon\www\DocTruyenHay\src\Kit\helper\default_pages.php | Line: 8
2025-10-22 21:34:11 | Error [2]: file_get_contents(http://localhost/DocTruyenHay/public//source/404.php): Failed to open stream: HTTP request failed! HTTP/1.1 500 Internal Server Error
 | File: C:\laragon\www\DocTruyenHay\src\Kit\helper\default_pages.php | Line: 8
2025-10-22 21:34:11 | Error [2]: file_get_contents(http://localhost/DocTruyenHay/public//source/404.php): Failed to open stream: HTTP request failed! HTTP/1.1 500 Internal Server Error
 | File: C:\laragon\www\DocTruyenHay\src\Kit\helper\default_pages.php | Line: 8
2025-10-22 21:34:11 | Error [2]: file_get_contents(http://localhost/DocTruyenHay/public//source/404.php): Failed to open stream: HTTP request failed! HTTP/1.1 500 Internal Server Error
 | File: C:\laragon\www\DocTruyenHay\src\Kit\helper\default_pages.php | Line: 8
2025-10-22 21:34:11 | Error [2]: file_get_contents(http://localhost/DocTruyenHay/public//source/404.php): Failed to open stream: HTTP request failed! HTTP/1.1 500 Internal Server Error
 | File: C:\laragon\www\DocTruyenHay\src\Kit\helper\default_pages.php | Line: 8
2025-10-22 21:34:11 | Error [2]: file_get_contents(http://localhost/DocTruyenHay/public//source/404.php): Failed to open stream: HTTP request failed! HTTP/1.1 500 Internal Server Error
 | File: C:\laragon\www\DocTruyenHay\src\Kit\helper\default_pages.php | Line: 8
2025-10-22 21:34:11 | Error [2]: file_get_contents(http://localhost/DocTruyenHay/public//source/404.php): Failed to open stream: HTTP request failed! HTTP/1.1 500 Internal Server Error
 | File: C:\laragon\www\DocTruyenHay\src\Kit\helper\default_pages.php | Line: 8
2025-10-22 21:34:11 | Error [2]: file_get_contents(http://localhost/DocTruyenHay/public//source/404.php): Failed to open stream: HTTP request failed! HTTP/1.1 500 Internal Server Error
 | File: C:\laragon\www\DocTruyenHay\src\Kit\helper\default_pages.php | Line: 8
2025-10-22 21:34:11 | Error [2]: file_get_contents(http://localhost/DocTruyenHay/public//source/404.php): Failed to open stream: HTTP request failed! HTTP/1.1 500 Internal Server Error
 | File: C:\laragon\www\DocTruyenHay\src\Kit\helper\default_pages.php | Line: 8
2025-10-22 21:34:11 | Error [2]: file_get_contents(http://localhost/DocTruyenHay/public//source/404.php): Failed to open stream: HTTP request failed! HTTP/1.1 500 Internal Server Error
 | File: C:\laragon\www\DocTruyenHay\src\Kit\helper\default_pages.php | Line: 8
2025-10-22 21:34:11 | Error [2]: file_get_contents(http://localhost/DocTruyenHay/public//source/404.php): Failed to open stream: HTTP request failed! HTTP/1.1 500 Internal Server Error
 | File: C:\laragon\www\DocTruyenHay\src\Kit\helper\default_pages.php | Line: 8
2025-10-22 21:34:11 | Error [2]: file_get_contents(http://localhost/DocTruyenHay/public//source/404.php): Failed to open stream: HTTP request failed! HTTP/1.1 500 Internal Server Error
 | File: C:\laragon\www\DocTruyenHay\src\Kit\helper\default_pages.php | Line: 8
2025-10-22 21:34:11 | Error [2]: file_get_contents(http://localhost/DocTruyenHay/public//source/404.php): Failed to open stream: HTTP request failed! HTTP/1.1 500 Internal Server Error
 | File: C:\laragon\www\DocTruyenHay\src\Kit\helper\default_pages.php | Line: 8
2025-10-22 21:34:11 | Error [2]: file_get_contents(http://localhost/DocTruyenHay/public//source/404.php): Failed to open stream: HTTP request failed! HTTP/1.1 500 Internal Server Error
 | File: C:\laragon\www\DocTruyenHay\src\Kit\helper\default_pages.php | Line: 8
2025-10-22 21:34:11 | Error [2]: file_get_contents(http://localhost/DocTruyenHay/public//source/404.php): Failed to open stream: HTTP request failed! HTTP/1.1 500 Internal Server Error
 | File: C:\laragon\www\DocTruyenHay\src\Kit\helper\default_pages.php | Line: 8
2025-10-22 21:34:11 | Error [2]: file_get_contents(http://localhost/DocTruyenHay/public//source/404.php): Failed to open stream: HTTP request failed! HTTP/1.1 500 Internal Server Error
 | File: C:\laragon\www\DocTruyenHay\src\Kit\helper\default_pages.php | Line: 8
2025-10-22 21:34:11 | Error [2]: file_get_contents(http://localhost/DocTruyenHay/public//source/404.php): Failed to open stream: HTTP request failed! HTTP/1.1 500 Internal Server Error
 | File: C:\laragon\www\DocTruyenHay\src\Kit\helper\default_pages.php | Line: 8
2025-10-22 21:34:11 | Error [2]: file_get_contents(http://localhost/DocTruyenHay/public//source/404.php): Failed to open stream: HTTP request failed! HTTP/1.1 500 Internal Server Error
 | File: C:\laragon\www\DocTruyenHay\src\Kit\helper\default_pages.php | Line: 8
2025-10-22 21:34:11 | Error [2]: file_get_contents(http://localhost/DocTruyenHay/public//source/404.php): Failed to open stream: HTTP request failed! HTTP/1.1 500 Internal Server Error
 | File: C:\laragon\www\DocTruyenHay\src\Kit\helper\default_pages.php | Line: 8
2025-10-22 21:34:11 | Error [2]: file_get_contents(http://localhost/DocTruyenHay/public//source/404.php): Failed to open stream: HTTP request failed! HTTP/1.1 500 Internal Server Error
 | File: C:\laragon\www\DocTruyenHay\src\Kit\helper\default_pages.php | Line: 8
2025-10-22 21:34:11 | Error [2]: file_get_contents(http://localhost/DocTruyenHay/public//source/404.php): Failed to open stream: HTTP request failed! HTTP/1.1 500 Internal Server Error
 | File: C:\laragon\www\DocTruyenHay\src\Kit\helper\default_pages.php | Line: 8
2025-10-22 21:34:11 | Error [2]: file_get_contents(http://localhost/DocTruyenHay/public//source/404.php): Failed to open stream: HTTP request failed! HTTP/1.1 500 Internal Server Error
 | File: C:\laragon\www\DocTruyenHay\src\Kit\helper\default_pages.php | Line: 8
2025-10-22 21:34:11 | Error [2]: file_get_contents(http://localhost/DocTruyenHay/public//source/404.php): Failed to open stream: HTTP request failed! HTTP/1.1 500 Internal Server Error
 | File: C:\laragon\www\DocTruyenHay\src\Kit\helper\default_pages.php | Line: 8
2025-10-22 21:35:40 | Error [2]: file_get_contents(http://localhost/DocTruyenHay/public//source/404.php): Failed to open stream: HTTP request failed! | File: C:\laragon\www\DocTruyenHay\src\Kit\helper\default_pages.php | Line: 8
2025-10-22 21:35:40 | Error [2]: file_get_contents(http://localhost/DocTruyenHay/public//source/404.php): Failed to open stream: HTTP request failed! | File: C:\laragon\www\DocTruyenHay\src\Kit\helper\default_pages.php | Line: 8
2025-10-22 21:35:40 | Error [2]: file_get_contents(http://localhost/DocTruyenHay/public//source/404.php): Failed to open stream: HTTP request failed! HTTP/1.1 404 Not Found
 | File: C:\laragon\www\DocTruyenHay\src\Kit\helper\default_pages.php | Line: 8
2025-10-22 21:35:40 | Error [2]: file_get_contents(http://localhost/DocTruyenHay/public//source/404.php): Failed to open stream: HTTP request failed! HTTP/1.1 500 Internal Server Error
 | File: C:\laragon\www\DocTruyenHay\src\Kit\helper\default_pages.php | Line: 8
2025-10-22 21:35:40 | Error [2]: file_get_contents(http://localhost/DocTruyenHay/public//source/404.php): Failed to open stream: HTTP request failed! HTTP/1.1 500 Internal Server Error
 | File: C:\laragon\www\DocTruyenHay\src\Kit\helper\default_pages.php | Line: 8
2025-10-22 21:35:40 | Error [2]: file_get_contents(http://localhost/DocTruyenHay/public//source/404.php): Failed to open stream: HTTP request failed! HTTP/1.1 500 Internal Server Error
 | File: C:\laragon\www\DocTruyenHay\src\Kit\helper\default_pages.php | Line: 8
2025-10-22 21:35:40 | Error [2]: file_get_contents(http://localhost/DocTruyenHay/public//source/404.php): Failed to open stream: HTTP request failed! HTTP/1.1 500 Internal Server Error
 | File: C:\laragon\www\DocTruyenHay\src\Kit\helper\default_pages.php | Line: 8
2025-10-22 21:35:40 | Error [2]: file_get_contents(http://localhost/DocTruyenHay/public//source/404.php): Failed to open stream: HTTP request failed! HTTP/1.1 500 Internal Server Error
 | File: C:\laragon\www\DocTruyenHay\src\Kit\helper\default_pages.php | Line: 8
2025-10-22 21:35:40 | Error [2]: file_get_contents(http://localhost/DocTruyenHay/public//source/404.php): Failed to open stream: HTTP request failed! HTTP/1.1 500 Internal Server Error
 | File: C:\laragon\www\DocTruyenHay\src\Kit\helper\default_pages.php | Line: 8
2025-10-22 21:35:40 | Error [2]: file_get_contents(http://localhost/DocTruyenHay/public//source/404.php): Failed to open stream: HTTP request failed! HTTP/1.1 500 Internal Server Error
 | File: C:\laragon\www\DocTruyenHay\src\Kit\helper\default_pages.php | Line: 8
2025-10-22 21:35:40 | Error [2]: file_get_contents(http://localhost/DocTruyenHay/public//source/404.php): Failed to open stream: HTTP request failed! HTTP/1.1 500 Internal Server Error
 | File: C:\laragon\www\DocTruyenHay\src\Kit\helper\default_pages.php | Line: 8
2025-10-22 21:35:40 | Error [2]: file_get_contents(http://localhost/DocTruyenHay/public//source/404.php): Failed to open stream: HTTP request failed! HTTP/1.1 500 Internal Server Error
 | File: C:\laragon\www\DocTruyenHay\src\Kit\helper\default_pages.php | Line: 8
2025-10-22 21:35:40 | Error [2]: file_get_contents(http://localhost/DocTruyenHay/public//source/404.php): Failed to open stream: HTTP request failed! HTTP/1.1 500 Internal Server Error
 | File: C:\laragon\www\DocTruyenHay\src\Kit\helper\default_pages.php | Line: 8
2025-10-22 21:35:40 | Error [2]: file_get_contents(http://localhost/DocTruyenHay/public//source/404.php): Failed to open stream: HTTP request failed! HTTP/1.1 500 Internal Server Error
 | File: C:\laragon\www\DocTruyenHay\src\Kit\helper\default_pages.php | Line: 8
2025-10-22 21:35:40 | Error [2]: file_get_contents(http://localhost/DocTruyenHay/public//source/404.php): Failed to open stream: HTTP request failed! | File: C:\laragon\www\DocTruyenHay\src\Kit\helper\default_pages.php | Line: 8
2025-10-22 21:35:40 | Error [2]: file_get_contents(http://localhost/DocTruyenHay/public//source/404.php): Failed to open stream: HTTP request failed! HTTP/1.1 500 Internal Server Error
 | File: C:\laragon\www\DocTruyenHay\src\Kit\helper\default_pages.php | Line: 8
2025-10-22 21:35:40 | Error [2]: file_get_contents(http://localhost/DocTruyenHay/public//source/404.php): Failed to open stream: HTTP request failed! HTTP/1.1 500 Internal Server Error
 | File: C:\laragon\www\DocTruyenHay\src\Kit\helper\default_pages.php | Line: 8
2025-10-22 21:35:40 | Error [2]: file_get_contents(http://localhost/DocTruyenHay/public//source/404.php): Failed to open stream: HTTP request failed! HTTP/1.1 500 Internal Server Error
 | File: C:\laragon\www\DocTruyenHay\src\Kit\helper\default_pages.php | Line: 8
2025-10-22 21:35:40 | Error [2]: file_get_contents(http://localhost/DocTruyenHay/public//source/404.php): Failed to open stream: HTTP request failed! HTTP/1.1 500 Internal Server Error
 | File: C:\laragon\www\DocTruyenHay\src\Kit\helper\default_pages.php | Line: 8
2025-10-22 21:35:40 | Error [2]: file_get_contents(http://localhost/DocTruyenHay/public//source/404.php): Failed to open stream: HTTP request failed! HTTP/1.1 500 Internal Server Error
 | File: C:\laragon\www\DocTruyenHay\src\Kit\helper\default_pages.php | Line: 8
2025-10-22 21:35:40 | Error [2]: file_get_contents(http://localhost/DocTruyenHay/public//source/404.php): Failed to open stream: HTTP request failed! HTTP/1.1 500 Internal Server Error
 | File: C:\laragon\www\DocTruyenHay\src\Kit\helper\default_pages.php | Line: 8
2025-10-22 21:35:40 | Error [2]: file_get_contents(http://localhost/DocTruyenHay/public//source/404.php): Failed to open stream: HTTP request failed! | File: C:\laragon\www\DocTruyenHay\src\Kit\helper\default_pages.php | Line: 8
2025-10-22 21:35:40 | Error [2]: file_get_contents(http://localhost/DocTruyenHay/public//source/404.php): Failed to open stream: HTTP request failed! HTTP/1.1 500 Internal Server Error
 | File: C:\laragon\www\DocTruyenHay\src\Kit\helper\default_pages.php | Line: 8
2025-10-22 21:35:40 | Error [2]: file_get_contents(http://localhost/DocTruyenHay/public//source/404.php): Failed to open stream: HTTP request failed! HTTP/1.1 500 Internal Server Error
 | File: C:\laragon\www\DocTruyenHay\src\Kit\helper\default_pages.php | Line: 8
2025-10-22 21:35:40 | Error [2]: file_get_contents(http://localhost/DocTruyenHay/public//source/404.php): Failed to open stream: HTTP request failed! HTTP/1.1 500 Internal Server Error
 | File: C:\laragon\www\DocTruyenHay\src\Kit\helper\default_pages.php | Line: 8
2025-10-22 21:35:40 | Error [2]: file_get_contents(http://localhost/DocTruyenHay/public//source/404.php): Failed to open stream: HTTP request failed! HTTP/1.1 500 Internal Server Error
 | File: C:\laragon\www\DocTruyenHay\src\Kit\helper\default_pages.php | Line: 8
2025-10-22 21:35:40 | Error [2]: file_get_contents(http://localhost/DocTruyenHay/public//source/404.php): Failed to open stream: HTTP request failed! HTTP/1.1 500 Internal Server Error
 | File: C:\laragon\www\DocTruyenHay\src\Kit\helper\default_pages.php | Line: 8
2025-10-22 21:35:40 | Error [2]: file_get_contents(http://localhost/DocTruyenHay/public//source/404.php): Failed to open stream: HTTP request failed! HTTP/1.1 500 Internal Server Error
 | File: C:\laragon\www\DocTruyenHay\src\Kit\helper\default_pages.php | Line: 8
2025-10-22 21:35:40 | Error [2]: file_get_contents(http://localhost/DocTruyenHay/public//source/404.php): Failed to open stream: HTTP request failed! HTTP/1.1 500 Internal Server Error
 | File: C:\laragon\www\DocTruyenHay\src\Kit\helper\default_pages.php | Line: 8
2025-10-22 21:35:40 | Error [2]: file_get_contents(http://localhost/DocTruyenHay/public//source/404.php): Failed to open stream: HTTP request failed! | File: C:\laragon\www\DocTruyenHay\src\Kit\helper\default_pages.php | Line: 8
2025-10-22 21:35:40 | Error [2]: file_get_contents(http://localhost/DocTruyenHay/public//source/404.php): Failed to open stream: HTTP request failed! HTTP/1.1 500 Internal Server Error
 | File: C:\laragon\www\DocTruyenHay\src\Kit\helper\default_pages.php | Line: 8
2025-10-22 21:35:40 | Error [2]: file_get_contents(http://localhost/DocTruyenHay/public//source/404.php): Failed to open stream: HTTP request failed! HTTP/1.1 500 Internal Server Error
 | File: C:\laragon\www\DocTruyenHay\src\Kit\helper\default_pages.php | Line: 8
2025-10-22 21:35:40 | Error [2]: file_get_contents(http://localhost/DocTruyenHay/public//source/404.php): Failed to open stream: HTTP request failed! HTTP/1.1 500 Internal Server Error
 | File: C:\laragon\www\DocTruyenHay\src\Kit\helper\default_pages.php | Line: 8
2025-10-22 21:35:40 | Error [2]: file_get_contents(http://localhost/DocTruyenHay/public//source/404.php): Failed to open stream: HTTP request failed! HTTP/1.1 500 Internal Server Error
 | File: C:\laragon\www\DocTruyenHay\src\Kit\helper\default_pages.php | Line: 8
2025-10-22 21:35:40 | Error [2]: file_get_contents(http://localhost/DocTruyenHay/public//source/404.php): Failed to open stream: HTTP request failed! HTTP/1.1 500 Internal Server Error
 | File: C:\laragon\www\DocTruyenHay\src\Kit\helper\default_pages.php | Line: 8
2025-10-22 21:35:40 | Error [2]: file_get_contents(http://localhost/DocTruyenHay/public//source/404.php): Failed to open stream: HTTP request failed! HTTP/1.1 500 Internal Server Error
 | File: C:\laragon\www\DocTruyenHay\src\Kit\helper\default_pages.php | Line: 8
2025-10-22 21:35:40 | Error [2]: file_get_contents(http://localhost/DocTruyenHay/public//source/404.php): Failed to open stream: HTTP request failed! HTTP/1.1 500 Internal Server Error
 | File: C:\laragon\www\DocTruyenHay\src\Kit\helper\default_pages.php | Line: 8
2025-10-22 21:35:40 | Error [2]: file_get_contents(http://localhost/DocTruyenHay/public//source/404.php): Failed to open stream: HTTP request failed! HTTP/1.1 500 Internal Server Error
 | File: C:\laragon\www\DocTruyenHay\src\Kit\helper\default_pages.php | Line: 8
2025-10-22 21:35:40 | Error [2]: file_get_contents(http://localhost/DocTruyenHay/public//source/404.php): Failed to open stream: HTTP request failed! HTTP/1.1 500 Internal Server Error
 | File: C:\laragon\www\DocTruyenHay\src\Kit\helper\default_pages.php | Line: 8
2025-10-22 21:35:40 | Error [2]: file_get_contents(http://localhost/DocTruyenHay/public//source/404.php): Failed to open stream: HTTP request failed! | File: C:\laragon\www\DocTruyenHay\src\Kit\helper\default_pages.php | Line: 8
2025-10-22 21:35:40 | Error [2]: file_get_contents(http://localhost/DocTruyenHay/public//source/404.php): Failed to open stream: HTTP request failed! HTTP/1.1 500 Internal Server Error
 | File: C:\laragon\www\DocTruyenHay\src\Kit\helper\default_pages.php | Line: 8
2025-10-22 21:35:40 | Error [2]: file_get_contents(http://localhost/DocTruyenHay/public//source/404.php): Failed to open stream: HTTP request failed! HTTP/1.1 500 Internal Server Error
 | File: C:\laragon\www\DocTruyenHay\src\Kit\helper\default_pages.php | Line: 8
2025-10-22 21:35:40 | Error [2]: file_get_contents(http://localhost/DocTruyenHay/public//source/404.php): Failed to open stream: HTTP request failed! HTTP/1.1 500 Internal Server Error
 | File: C:\laragon\www\DocTruyenHay\src\Kit\helper\default_pages.php | Line: 8
2025-10-22 21:35:40 | Error [2]: file_get_contents(http://localhost/DocTruyenHay/public//source/404.php): Failed to open stream: HTTP request failed! HTTP/1.1 500 Internal Server Error
 | File: C:\laragon\www\DocTruyenHay\src\Kit\helper\default_pages.php | Line: 8
2025-10-22 21:35:40 | Error [2]: file_get_contents(http://localhost/DocTruyenHay/public//source/404.php): Failed to open stream: HTTP request failed! HTTP/1.1 500 Internal Server Error
 | File: C:\laragon\www\DocTruyenHay\src\Kit\helper\default_pages.php | Line: 8
2025-10-22 21:35:40 | Error [2]: file_get_contents(http://localhost/DocTruyenHay/public//source/404.php): Failed to open stream: HTTP request failed! HTTP/1.1 500 Internal Server Error
 | File: C:\laragon\www\DocTruyenHay\src\Kit\helper\default_pages.php | Line: 8
2025-10-22 21:35:40 | Error [2]: file_get_contents(http://localhost/DocTruyenHay/public//source/404.php): Failed to open stream: HTTP request failed! HTTP/1.1 500 Internal Server Error
 | File: C:\laragon\www\DocTruyenHay\src\Kit\helper\default_pages.php | Line: 8
2025-10-22 21:35:40 | Error [2]: file_get_contents(http://localhost/DocTruyenHay/public//source/404.php): Failed to open stream: HTTP request failed! HTTP/1.1 500 Internal Server Error
 | File: C:\laragon\www\DocTruyenHay\src\Kit\helper\default_pages.php | Line: 8
2025-10-22 21:35:40 | Error [2]: file_get_contents(http://localhost/DocTruyenHay/public//source/404.php): Failed to open stream: HTTP request failed! HTTP/1.1 500 Internal Server Error
 | File: C:\laragon\www\DocTruyenHay\src\Kit\helper\default_pages.php | Line: 8
2025-10-22 21:35:40 | Error [2]: file_get_contents(http://localhost/DocTruyenHay/public//source/404.php): Failed to open stream: HTTP request failed! HTTP/1.1 500 Internal Server Error
 | File: C:\laragon\www\DocTruyenHay\src\Kit\helper\default_pages.php | Line: 8
2025-10-22 21:35:40 | Error [2]: file_get_contents(http://localhost/DocTruyenHay/public//source/404.php): Failed to open stream: HTTP request failed! HTTP/1.1 500 Internal Server Error
 | File: C:\laragon\www\DocTruyenHay\src\Kit\helper\default_pages.php | Line: 8
2025-10-22 21:35:40 | Error [2]: file_get_contents(http://localhost/DocTruyenHay/public//source/404.php): Failed to open stream: HTTP request failed! HTTP/1.1 500 Internal Server Error
 | File: C:\laragon\www\DocTruyenHay\src\Kit\helper\default_pages.php | Line: 8
2025-10-22 21:35:40 | Error [2]: file_get_contents(http://localhost/DocTruyenHay/public//source/404.php): Failed to open stream: HTTP request failed! HTTP/1.1 500 Internal Server Error
 | File: C:\laragon\www\DocTruyenHay\src\Kit\helper\default_pages.php | Line: 8
2025-10-22 21:35:40 | Error [2]: file_get_contents(http://localhost/DocTruyenHay/public//source/404.php): Failed to open stream: HTTP request failed! HTTP/1.1 500 Internal Server Error
 | File: C:\laragon\www\DocTruyenHay\src\Kit\helper\default_pages.php | Line: 8
2025-10-22 21:35:40 | Error [2]: file_get_contents(http://localhost/DocTruyenHay/public//source/404.php): Failed to open stream: HTTP request failed! | File: C:\laragon\www\DocTruyenHay\src\Kit\helper\default_pages.php | Line: 8
2025-10-22 21:35:40 | Error [2]: file_get_contents(http://localhost/DocTruyenHay/public//source/404.php): Failed to open stream: HTTP request failed! HTTP/1.1 500 Internal Server Error
 | File: C:\laragon\www\DocTruyenHay\src\Kit\helper\default_pages.php | Line: 8
2025-10-22 21:35:40 | Error [2]: file_get_contents(http://localhost/DocTruyenHay/public//source/404.php): Failed to open stream: HTTP request failed! HTTP/1.1 500 Internal Server Error
 | File: C:\laragon\www\DocTruyenHay\src\Kit\helper\default_pages.php | Line: 8
2025-10-22 21:35:40 | Error [2]: file_get_contents(http://localhost/DocTruyenHay/public//source/404.php): Failed to open stream: HTTP request failed! HTTP/1.1 500 Internal Server Error
 | File: C:\laragon\www\DocTruyenHay\src\Kit\helper\default_pages.php | Line: 8
2025-10-22 21:35:40 | Error [2]: file_get_contents(http://localhost/DocTruyenHay/public//source/404.php): Failed to open stream: HTTP request failed! HTTP/1.1 500 Internal Server Error
 | File: C:\laragon\www\DocTruyenHay\src\Kit\helper\default_pages.php | Line: 8
2025-10-22 21:35:40 | Error [2]: file_get_contents(http://localhost/DocTruyenHay/public//source/404.php): Failed to open stream: HTTP request failed! HTTP/1.1 500 Internal Server Error
 | File: C:\laragon\www\DocTruyenHay\src\Kit\helper\default_pages.php | Line: 8
2025-10-22 21:35:40 | Error [2]: file_get_contents(http://localhost/DocTruyenHay/public//source/404.php): Failed to open stream: HTTP request failed! HTTP/1.1 500 Internal Server Error
 | File: C:\laragon\www\DocTruyenHay\src\Kit\helper\default_pages.php | Line: 8
2025-10-28 16:23:31 | Error [2]: Undefined variable $args2 | File: C:\laragon\www\DocTruyenHay\app\Router\web.php | Line: 91
2025-10-28 16:25:51 | Error [2]: Undefined array key 4 | File: C:\laragon\www\DocTruyenHay\app\Router\web.php | Line: 91
2025-10-28 16:29:31 | Error [2]: Undefined array key 4 | File: C:\laragon\www\DocTruyenHay\app\Router\web.php | Line: 91
2025-10-29 22:07:26 | Error [2]: Undefined array key 4 | File: C:\laragon\www\DocTruyenHay\app\Router\web.php | Line: 88
2025-11-04 21:50:12 | Error [2]: Undefined variable $builder | File: C:\laragon\www\AmazingFastFood\public\cache\view\compiled\captcha_2cd9c0b76d6380e067281fd80b7d7ed4ee5aeabf.bladec | Line: 7
