[2025-11-12 13:08:32] EXCEPTION | C:\laragon\www\DFrame\src\Application\Router.php:126 | Duplicate route: GET / | []
[2025-11-12 13:09:43] EXCEPTION | C:\laragon\www\DFrame\src\Application\Router.php:126 | Duplicate route: GET / | []
[2025-11-12 13:10:12] EXCEPTION | C:\laragon\www\DFrame\src\Application\Router.php:126 | Duplicate route: GET / | []
[2025-11-12 13:10:37] EXCEPTION | C:\laragon\www\DFrame\src\Application\Router.php:126 | Duplicate route: GET / | []
[2025-11-12 13:11:57] EXCEPTION | C:\laragon\www\DFrame\src\Application\Router.php:126 | Duplicate route: GET / | []
[2025-11-12 13:13:02] EXCEPTION | C:\laragon\www\DFrame\src\Application\Router.php:126 | Duplicate route: GET / | []
[2025-11-12 13:17:57] ERROR | C:\laragon\www\DFrame\src\Database\Adapter\Sqlite3Adapter.php:35 | SQLite3::query(): Unable to prepare statement: no such table: users | {"code":2}
[2025-11-12 13:18:58] ERROR | C:\laragon\www\DFrame\src\Database\Adapter\Sqlite3Adapter.php:35 | SQLite3::query(): Unable to prepare statement: no such table: users | {"code":2}
[2025-11-12 13:20:54] EXCEPTION | C:\laragon\www\DFrame\app\Router\web.php:32 | syntax error, unexpected end of file | []
[2025-11-12 13:22:48] ERROR | C:\laragon\www\DFrame\src\Database\Adapter\Sqlite3Adapter.php:35 | SQLite3::query(): Unable to prepare statement: no such table: users | {"code":2}
[2025-11-12 07:19:35] EXCEPTION | C:\laragon\www\DFrame\src\Application\App.php:289 | TinyEnv is not installed. Please run "composer require datahihi1/tiny-env" | []
[2025-11-12 14:21:54] ERROR | C:\laragon\www\DFrame\src\Database\Adapter\Sqlite3Adapter.php:35 | SQLite3::query(): Unable to prepare statement: no such table: users | {"code":2}
[2025-11-12 14:24:56] ERROR | C:\laragon\www\DFrame\src\Database\Adapter\Sqlite3Adapter.php:35 | SQLite3::query(): Unable to prepare statement: no such table: users | {"code":2}
[2025-11-12 14:25:50] ERROR | C:\laragon\www\DFrame\src\Database\Adapter\Sqlite3Adapter.php:35 | SQLite3::query(): Unable to prepare statement: no such table: users | {"code":2}
[2025-11-12 14:31:16] ERROR | C:\laragon\www\DFrame\src\Database\Adapter\Sqlite3Adapter.php:35 | SQLite3::query(): Unable to prepare statement: no such table: users | {"code":2}
[2025-11-12 14:43:50] ERROR | C:\laragon\www\DFrame\src\Database\Adapter\Sqlite3Adapter.php:35 | SQLite3::query(): Unable to prepare statement: no such table: users | {"code":2}
[2025-11-12 14:55:55] ERROR | C:\laragon\www\DFrame\src\Database\Adapter\Sqlite3Adapter.php:35 | SQLite3::query(): Unable to prepare statement: no such table: users | {"code":2}
[2025-11-12 14:57:09] ERROR | C:\laragon\www\DFrame\src\Database\Adapter\Sqlite3Adapter.php:35 | SQLite3::query(): Unable to prepare statement: no such table: users | {"code":2}
[2025-11-12 14:57:21] ERROR | C:\laragon\www\DFrame\src\Database\Adapter\Sqlite3Adapter.php:35 | SQLite3::query(): Unable to prepare statement: no such table: users | {"code":2}
[2025-11-12 16:34:17] ERROR | C:\laragon\www\DFrame\src\Database\Adapter\Sqlite3Adapter.php:35 | SQLite3::query(): Unable to prepare statement: no such table: users | {"code":2}
[2025-11-12 21:32:43] ERROR | C:\laragon\www\DFrame\src\Database\Adapter\Sqlite3Adapter.php:35 | SQLite3::query(): Unable to prepare statement: no such table: users | {"code":2}
[2025-11-12 22:16:18] ERROR | C:\laragon\www\DFrame\src\Database\Adapter\Sqlite3Adapter.php:35 | SQLite3::query(): Unable to prepare statement: no such table: users | {"code":2}
[2025-11-12 23:04:32] ERROR | C:\laragon\www\DFrame\src\Database\Adapter\Sqlite3Adapter.php:35 | SQLite3::query(): Unable to prepare statement: no such table: users | {"code":2}
[2025-11-13 13:52:43] ERROR | C:\laragon\www\DFrame\src\Database\Adapter\Sqlite3Adapter.php:35 | SQLite3::query(): Unable to prepare statement: no such table: users | {"code":2}
[2025-11-13 19:02:03] ERROR | C:\laragon\www\DFrame\src\Database\Adapter\Sqlite3Adapter.php:35 | SQLite3::query(): Unable to prepare statement: no such table: users | {"code":2}
[2025-11-15 18:56:11] ERROR | C:\laragon\www\DFrame\vendor\datahihi1\raknet\src\RakNetClient.php:48 | socket_sendto(): Host lookup failed [11001]: No such host is known | {"code":2}
[2025-11-15 19:03:17] ERROR | C:\laragon\www\DFrame\vendor\datahihi1\raknet\src\RakNetClient.php:48 | socket_sendto(): Unable to write to socket [10049]: The requested address is not valid in its context | {"code":2}
[2025-11-15 19:12:02] ERROR | C:\laragon\www\DFrame\vendor\datahihi1\raknet\src\RakNetClient.php:48 | socket_sendto(): Host lookup failed [11001]: No such host is known | {"code":2}
